# JRE version: OpenJDK Runtime Environment JBR-21.0.11+1-1163.116-jcef (21.0.11+1) (build 21.0.11+1-b1163.116)
# Java VM: OpenJDK 64-Bit Server VM JBR-21.0.11+1-1163.116-jcef (21.0.11+1-b1163.116, mixed mode, sharing, tiered, compressed oops, compressed class ptrs, parallel gc, windows-amd64)
GC Precious Log:
 CardTable entry size: 512
 CPUs: 8 total, 8 available
 Memory: 7865M
 Large Page Support: Disabled
 NUMA Support: Disabled
 Compressed Oops: Enabled (Zero based)
 Alignments: Space 512K, Generation 512K, Heap 2M
 Heap Min Capacity: 8M
 Heap Initial Capacity: 124M
 Heap Max Capacity: 4G
 Pre-touch: Disabled
 Parallel Workers: 8
Heap:
 PSYoungGen      total 1176064K, used 242777K [0x00000007aab00000, 0x00000007fcf80000, 0x0000000800000000)
  eden space 1004032K, 23% used [0x00000007aab00000,0x00000007b90f5758,0x00000007e7f80000)
  from space 172032K, 4% used [0x00000007f2780000,0x00000007f2ea1018,0x00000007fcf80000)
  to   space 47104K, 0% used [0x00000007e7f80000,0x00000007e7f80000,0x00000007ead80000)
 ParOldGen       total 975872K, used 877077K [0x0000000700000000, 0x000000073b900000, 0x00000007aab00000)
  object space 975872K, 89% used [0x0000000700000000,0x00000007358857f8,0x000000073b900000)
 Metaspace       used 345774K, committed 347968K, reserved 1376256K
  class space    used 41949K, committed 43008K, reserved 1048576K
GC Heap History (20 events):
Event: 6402.871 GC heap after
{Heap after GC invocations=126 (full 19):
 PSYoungGen      total 1019392K, used 14949K [0x00000007aab00000, 0x00000007fe980000, 0x0000000800000000)
  eden space 1004032K, 0% used [0x00000007aab00000,0x00000007aab00000,0x00000007e7f80000)
  from space 15360K, 97% used [0x00000007e7f80000,0x00000007e8e19508,0x00000007e8e80000)
  to   space 185344K, 0% used [0x00000007f3480000,0x00000007f3480000,0x00000007fe980000)
 ParOldGen       total 975872K, used 660677K [0x0000000700000000, 0x000000073b900000, 0x00000007aab00000)
  object space 975872K, 67% used [0x0000000700000000,0x0000000728531760,0x000000073b900000)
 Metaspace       used 312968K, committed 315200K, reserved 1376256K
  class space    used 38528K, committed 39616K, reserved 1048576K
}
Event: 6402.871 GC heap before
{Heap before GC invocations=127 (full 20):
 PSYoungGen      total 1019392K, used 14949K [0x00000007aab00000, 0x00000007fe980000, 0x0000000800000000)
  eden space 1004032K, 0% used [0x00000007aab00000,0x00000007aab00000,0x00000007e7f80000)
  from space 15360K, 97% used [0x00000007e7f80000,0x00000007e8e19508,0x00000007e8e80000)
  to   space 185344K, 0% used [0x00000007f3480000,0x00000007f3480000,0x00000007fe980000)
 ParOldGen       total 975872K, used 660677K [0x0000000700000000, 0x000000073b900000, 0x00000007aab00000)
  object space 975872K, 67% used [0x0000000700000000,0x0000000728531760,0x000000073b900000)
 Metaspace       used 312968K, committed 315200K, reserved 1376256K
  class space    used 38528K, committed 39616K, reserved 1048576K
}
Event: 6417.103 GC heap after
{Heap after GC invocations=127 (full 20):
 PSYoungGen      total 1019392K, used 0K [0x00000007aab00000, 0x00000007fe980000, 0x0000000800000000)
  eden space 1004032K, 0% used [0x00000007aab00000,0x00000007aab00000,0x00000007e7f80000)
  from space 15360K, 0% used [0x00000007e7f80000,0x00000007e7f80000,0x00000007e8e80000)
  to   space 185344K, 0% used [0x00000007f3480000,0x00000007f3480000,0x00000007fe980000)
 ParOldGen       total 975872K, used 662303K [0x0000000700000000, 0x000000073b900000, 0x00000007aab00000)
  object space 975872K, 67% used [0x0000000700000000,0x00000007286c7fb0,0x000000073b900000)
 Metaspace       used 312813K, committed 315200K, reserved 1376256K
  class space    used 38493K, committed 39616K, reserved 1048576K
}
Event: 6451.916 GC heap before
{Heap before GC invocations=128 (full 20):
 PSYoungGen      total 1019392K, used 564104K [0x00000007aab00000, 0x00000007fe980000, 0x0000000800000000)
  eden space 1004032K, 56% used [0x00000007aab00000,0x00000007cd1e2370,0x00000007e7f80000)
  from space 15360K, 0% used [0x00000007e7f80000,0x00000007e7f80000,0x00000007e8e80000)
  to   space 185344K, 0% used [0x00000007f3480000,0x00000007f3480000,0x00000007fe980000)
 ParOldGen       total 975872K, used 662303K [0x0000000700000000, 0x000000073b900000, 0x00000007aab00000)
  object space 975872K, 67% used [0x0000000700000000,0x00000007286c7fb0,0x000000073b900000)
 Metaspace       used 333644K, committed 335808K, reserved 1376256K
  class space    used 41125K, committed 42176K, reserved 1048576K
}
Event: 6452.520 GC heap after
{Heap after GC invocations=128 (full 20):
 PSYoungGen      total 1184256K, used 111750K [0x00000007aab00000, 0x00000007ff380000, 0x0000000800000000)
  eden space 998912K, 0% used [0x00000007aab00000,0x00000007aab00000,0x00000007e7a80000)
  from space 185344K, 60% used [0x00000007f3480000,0x00000007fa1a1880,0x00000007fe980000)
  to   space 190464K, 0% used [0x00000007e7a80000,0x00000007e7a80000,0x00000007f3480000)
 ParOldGen       total 975872K, used 662311K [0x0000000700000000, 0x000000073b900000, 0x00000007aab00000)
  object space 975872K, 67% used [0x0000000700000000,0x00000007286c9fb0,0x000000073b900000)
 Metaspace       used 333644K, committed 335808K, reserved 1376256K
  class space    used 41125K, committed 42176K, reserved 1048576K
}
Event: 6452.521 GC heap before
{Heap before GC invocations=129 (full 21):
 PSYoungGen      total 1184256K, used 111750K [0x00000007aab00000, 0x00000007ff380000, 0x0000000800000000)
  eden space 998912K, 0% used [0x00000007aab00000,0x00000007aab00000,0x00000007e7a80000)
  from space 185344K, 60% used [0x00000007f3480000,0x00000007fa1a1880,0x00000007fe980000)
  to   space 190464K, 0% used [0x00000007e7a80000,0x00000007e7a80000,0x00000007f3480000)
 ParOldGen       total 975872K, used 662311K [0x0000000700000000, 0x000000073b900000, 0x00000007aab00000)
  object space 975872K, 67% used [0x0000000700000000,0x00000007286c9fb0,0x000000073b900000)
 Metaspace       used 333644K, committed 335808K, reserved 1376256K
  class space    used 41125K, committed 42176K, reserved 1048576K
}
Event: 6459.102 GC heap after
{Heap after GC invocations=129 (full 21):
 PSYoungGen      total 1184256K, used 0K [0x00000007aab00000, 0x00000007ff380000, 0x0000000800000000)
  eden space 998912K, 0% used [0x00000007aab00000,0x00000007aab00000,0x00000007e7a80000)
  from space 185344K, 0% used [0x00000007f3480000,0x00000007f3480000,0x00000007fe980000)
  to   space 190464K, 0% used [0x00000007e7a80000,0x00000007e7a80000,0x00000007f3480000)
 ParOldGen       total 975872K, used 772596K [0x0000000700000000, 0x000000073b900000, 0x00000007aab00000)
  object space 975872K, 79% used [0x0000000700000000,0x000000072f27d278,0x000000073b900000)
 Metaspace       used 333644K, committed 335808K, reserved 1376256K
  class space    used 41125K, committed 42176K, reserved 1048576K
}
Event: 6475.210 GC heap before
{Heap before GC invocations=130 (full 21):
 PSYoungGen      total 1184256K, used 266809K [0x00000007aab00000, 0x00000007ff380000, 0x0000000800000000)
  eden space 998912K, 26% used [0x00000007aab00000,0x00000007baf8e6a0,0x00000007e7a80000)
  from space 185344K, 0% used [0x00000007f3480000,0x00000007f3480000,0x00000007fe980000)
  to   space 190464K, 0% used [0x00000007e7a80000,0x00000007e7a80000,0x00000007f3480000)
 ParOldGen       total 975872K, used 772596K [0x0000000700000000, 0x000000073b900000, 0x00000007aab00000)
  object space 975872K, 79% used [0x0000000700000000,0x000000072f27d278,0x000000073b900000)
 Metaspace       used 338678K, committed 340864K, reserved 1376256K
  class space    used 41509K, committed 42560K, reserved 1048576K
}
Event: 6475.344 GC heap after
{Heap after GC invocations=130 (full 21):
 PSYoungGen      total 1189376K, used 23281K [0x00000007aab00000, 0x00000007feb80000, 0x0000000800000000)
  eden space 998912K, 0% used [0x00000007aab00000,0x00000007aab00000,0x00000007e7a80000)
  from space 190464K, 12% used [0x00000007e7a80000,0x00000007e913c488,0x00000007f3480000)
  to   space 186368K, 0% used [0x00000007f3580000,0x00000007f3580000,0x00000007feb80000)
 ParOldGen       total 975872K, used 772604K [0x0000000700000000, 0x000000073b900000, 0x00000007aab00000)
  object space 975872K, 79% used [0x0000000700000000,0x000000072f27f278,0x000000073b900000)
 Metaspace       used 338678K, committed 340864K, reserved 1376256K
  class space    used 41509K, committed 42560K, reserved 1048576K
}
Event: 6475.344 GC heap before
{Heap before GC invocations=131 (full 22):
 PSYoungGen      total 1189376K, used 23281K [0x00000007aab00000, 0x00000007feb80000, 0x0000000800000000)
  eden space 998912K, 0% used [0x00000007aab00000,0x00000007aab00000,0x00000007e7a80000)
  from space 190464K, 12% used [0x00000007e7a80000,0x00000007e913c488,0x00000007f3480000)
  to   space 186368K, 0% used [0x00000007f3580000,0x00000007f3580000,0x00000007feb80000)
 ParOldGen       total 975872K, used 772604K [0x0000000700000000, 0x000000073b900000, 0x00000007aab00000)
  object space 975872K, 79% used [0x0000000700000000,0x000000072f27f278,0x000000073b900000)
 Metaspace       used 338678K, committed 340864K, reserved 1376256K
  class space    used 41509K, committed 42560K, reserved 1048576K
}
Event: 6479.410 GC heap after
{Heap after GC invocations=131 (full 22):
 PSYoungGen      total 1189376K, used 0K [0x00000007aab00000, 0x00000007feb80000, 0x0000000800000000)
  eden space 998912K, 0% used [0x00000007aab00000,0x00000007aab00000,0x00000007e7a80000)
  from space 190464K, 0% used [0x00000007e7a80000,0x00000007e7a80000,0x00000007f3480000)
  to   space 186368K, 0% used [0x00000007f3580000,0x00000007f3580000,0x00000007feb80000)
 ParOldGen       total 975872K, used 786232K [0x0000000700000000, 0x000000073b900000, 0x00000007aab00000)
  object space 975872K, 80% used [0x0000000700000000,0x000000072ffce388,0x000000073b900000)
 Metaspace       used 338678K, committed 340864K, reserved 1376256K
  class space    used 41509K, committed 42560K, reserved 1048576K
}
Event: 6494.580 GC heap before
{Heap before GC invocations=132 (full 22):
 PSYoungGen      total 1189376K, used 374027K [0x00000007aab00000, 0x00000007feb80000, 0x0000000800000000)
  eden space 998912K, 37% used [0x00000007aab00000,0x00000007c1842c88,0x00000007e7a80000)
  from space 190464K, 0% used [0x00000007e7a80000,0x00000007e7a80000,0x00000007f3480000)
  to   space 186368K, 0% used [0x00000007f3580000,0x00000007f3580000,0x00000007feb80000)
 ParOldGen       total 975872K, used 786232K [0x0000000700000000, 0x000000073b900000, 0x00000007aab00000)
  object space 975872K, 80% used [0x0000000700000000,0x000000072ffce388,0x000000073b900000)
 Metaspace       used 341796K, committed 344000K, reserved 1376256K
  class space    used 41625K, committed 42688K, reserved 1048576K
}
Event: 6494.882 GC heap after
{Heap after GC invocations=132 (full 22):
 PSYoungGen      total 1181184K, used 23705K [0x00000007aab00000, 0x00000007fe280000, 0x0000000800000000)
  eden space 1004032K, 0% used [0x00000007aab00000,0x00000007aab00000,0x00000007e7f80000)
  from space 177152K, 13% used [0x00000007f3580000,0x00000007f4ca6720,0x00000007fe280000)
  to   space 181760K, 0% used [0x00000007e7f80000,0x00000007e7f80000,0x00000007f3100000)
 ParOldGen       total 975872K, used 786240K [0x0000000700000000, 0x000000073b900000, 0x00000007aab00000)
  object space 975872K, 80% used [0x0000000700000000,0x000000072ffd0388,0x000000073b900000)
 Metaspace       used 341796K, committed 344000K, reserved 1376256K
  class space    used 41625K, committed 42688K, reserved 1048576K
}
Event: 6494.882 GC heap before
{Heap before GC invocations=133 (full 23):
 PSYoungGen      total 1181184K, used 23705K [0x00000007aab00000, 0x00000007fe280000, 0x0000000800000000)
  eden space 1004032K, 0% used [0x00000007aab00000,0x00000007aab00000,0x00000007e7f80000)
  from space 177152K, 13% used [0x00000007f3580000,0x00000007f4ca6720,0x00000007fe280000)
  to   space 181760K, 0% used [0x00000007e7f80000,0x00000007e7f80000,0x00000007f3100000)
 ParOldGen       total 975872K, used 786240K [0x0000000700000000, 0x000000073b900000, 0x00000007aab00000)
  object space 975872K, 80% used [0x0000000700000000,0x000000072ffd0388,0x000000073b900000)
 Metaspace       used 341796K, committed 344000K, reserved 1376256K
  class space    used 41625K, committed 42688K, reserved 1048576K
}
Event: 6497.137 GC heap after
{Heap after GC invocations=133 (full 23):
 PSYoungGen      total 1181184K, used 0K [0x00000007aab00000, 0x00000007fe280000, 0x0000000800000000)
  eden space 1004032K, 0% used [0x00000007aab00000,0x00000007aab00000,0x00000007e7f80000)
  from space 177152K, 0% used [0x00000007f3580000,0x00000007f3580000,0x00000007fe280000)
  to   space 181760K, 0% used [0x00000007e7f80000,0x00000007e7f80000,0x00000007f3100000)
 ParOldGen       total 975872K, used 806252K [0x0000000700000000, 0x000000073b900000, 0x00000007aab00000)
  object space 975872K, 82% used [0x0000000700000000,0x000000073135b290,0x000000073b900000)
 Metaspace       used 341796K, committed 344000K, reserved 1376256K
  class space    used 41625K, committed 42688K, reserved 1048576K
}
Event: 6550.567 GC heap before
{Heap before GC invocations=134 (full 23):
 PSYoungGen      total 1181184K, used 813756K [0x00000007aab00000, 0x00000007fe280000, 0x0000000800000000)
  eden space 1004032K, 81% used [0x00000007aab00000,0x00000007dc5af198,0x00000007e7f80000)
  from space 177152K, 0% used [0x00000007f3580000,0x00000007f3580000,0x00000007fe280000)
  to   space 181760K, 0% used [0x00000007e7f80000,0x00000007e7f80000,0x00000007f3100000)
 ParOldGen       total 975872K, used 806252K [0x0000000700000000, 0x000000073b900000, 0x00000007aab00000)
  object space 975872K, 82% used [0x0000000700000000,0x000000073135b290,0x000000073b900000)
 Metaspace       used 344624K, committed 346816K, reserved 1376256K
  class space    used 41817K, committed 42880K, reserved 1048576K
}
Event: 6557.702 GC heap after
{Heap after GC invocations=134 (full 23):
 PSYoungGen      total 1051136K, used 46681K [0x00000007aab00000, 0x00000007fcf80000, 0x0000000800000000)
  eden space 1004032K, 0% used [0x00000007aab00000,0x00000007aab00000,0x00000007e7f80000)
  from space 47104K, 99% used [0x00000007e7f80000,0x00000007ead16750,0x00000007ead80000)
  to   space 172032K, 0% used [0x00000007f2780000,0x00000007f2780000,0x00000007fcf80000)
 ParOldGen       total 975872K, used 806260K [0x0000000700000000, 0x000000073b900000, 0x00000007aab00000)
  object space 975872K, 82% used [0x0000000700000000,0x000000073135d290,0x000000073b900000)
 Metaspace       used 344624K, committed 346816K, reserved 1376256K
  class space    used 41817K, committed 42880K, reserved 1048576K
}
Event: 6557.702 GC heap before
{Heap before GC invocations=135 (full 24):
 PSYoungGen      total 1051136K, used 46681K [0x00000007aab00000, 0x00000007fcf80000, 0x0000000800000000)
  eden space 1004032K, 0% used [0x00000007aab00000,0x00000007aab00000,0x00000007e7f80000)
  from space 47104K, 99% used [0x00000007e7f80000,0x00000007ead16750,0x00000007ead80000)
  to   space 172032K, 0% used [0x00000007f2780000,0x00000007f2780000,0x00000007fcf80000)
 ParOldGen       total 975872K, used 806260K [0x0000000700000000, 0x000000073b900000, 0x00000007aab00000)
  object space 975872K, 82% used [0x0000000700000000,0x000000073135d290,0x000000073b900000)
 Metaspace       used 344624K, committed 346816K, reserved 1376256K
  class space    used 41817K, committed 42880K, reserved 1048576K
}
Event: 6591.731 GC heap after
{Heap after GC invocations=135 (full 24):
 PSYoungGen      total 1051136K, used 0K [0x00000007aab00000, 0x00000007fcf80000, 0x0000000800000000)
  eden space 1004032K, 0% used [0x00000007aab00000,0x00000007aab00000,0x00000007e7f80000)
  from space 47104K, 0% used [0x00000007e7f80000,0x00000007e7f80000,0x00000007ead80000)
  to   space 172032K, 0% used [0x00000007f2780000,0x00000007f2780000,0x00000007fcf80000)
 ParOldGen       total 975872K, used 849296K [0x0000000700000000, 0x000000073b900000, 0x00000007aab00000)
  object space 975872K, 87% used [0x0000000700000000,0x0000000733d641f8,0x000000073b900000)
 Metaspace       used 344624K, committed 346816K, reserved 1376256K
  class space    used 41817K, committed 42880K, reserved 1048576K
}
Event: 6650.934 GC heap before
{Heap before GC invocations=136 (full 24):
 PSYoungGen      total 1051136K, used 1004032K [0x00000007aab00000, 0x00000007fcf80000, 0x0000000800000000)
  eden space 1004032K, 100% used [0x00000007aab00000,0x00000007e7f80000,0x00000007e7f80000)
  from space 47104K, 0% used [0x00000007e7f80000,0x00000007e7f80000,0x00000007ead80000)
  to   space 172032K, 0% used [0x00000007f2780000,0x00000007f2780000,0x00000007fcf80000)
 ParOldGen       total 975872K, used 849296K [0x0000000700000000, 0x000000073b900000, 0x00000007aab00000)
  object space 975872K, 87% used [0x0000000700000000,0x0000000733d641f8,0x000000073b900000)
 Metaspace       used 345636K, committed 347840K, reserved 1376256K
  class space    used 41930K, committed 43008K, reserved 1048576K
}

